<?xml version="1.0" encoding="UTF-8"?>
<testsuite xmlns:xsi="http://www.w3.org/2001/XMLSchema-instance" xsi:noNamespaceSchemaLocation="https://maven.apache.org/surefire/maven-surefire-plugin/xsd/surefire-test-report.xsd" name="seasonDetermineTest" time="0.225" tests="7" errors="0" skipped="0" failures="2">
  <properties>
[...]
</properties>
  <testcase name="testValidCountryWithMeteorologicalCalendar_AustraliaSummer" classname="seasonDetermineTest" time="0.113"/>
  <testcase name="testInvalidCountry_Atlantis" classname="seasonDetermineTest" time="0"/>
  <testcase name="testCountryWithTwoCalendarTypes_AustraliaNoongarMakuru" classname="seasonDetermineTest" time="0.001"/>
  <testcase name="testInvalidMonthHighBoundary" classname="seasonDetermineTest" time="0.004">
    <failure message="expected: &lt;Invalid month provided.&gt; but was: &lt;Spring&gt;" type="org.opentest4j.AssertionFailedError"><![CDATA[org.opentest4j.AssertionFailedError: expected: <Invalid month provided.> but was: <Spring>
	at seasonDetermineTest.testInvalidMonthHighBoundary(seasonDetermineTest.java:30)
]]></failure>
    <system-out><![CDATA[Checking country: australia
Valid country found.
isValid: true
]]></system-out>
  </testcase>
  <testcase name="testSingaporeWithInterMonsoon" classname="seasonDetermineTest" time="0.021"/>
  <testcase name="testNonAustraliaCountryValidInput_UAESummer" classname="seasonDetermineTest" time="0.009"/>
  <testcase name="testInvalidMonthLowBoundary" classname="seasonDetermineTest" time="0.004">
    <failure message="expected: &lt;Invalid month provided.&gt; but was: &lt;Spring&gt;" type="org.opentest4j.AssertionFailedError"><![CDATA[org.opentest4j.AssertionFailedError: expected: <Invalid month provided.> but was: <Spring>
	at seasonDetermineTest.testInvalidMonthLowBoundary(seasonDetermineTest.java:24)
]]></failure>
    <system-out><![CDATA[Checking country: australia
Valid country found.
isValid: true
]]></system-out>
  </testcase>
</testsuite>